<?xml version="1.0" encoding="UTF-8"?>
<!-- Generated by org.testng.reporters.JUnitXMLReporter -->
<testsuite hostname="Nishant1996" ignored="0" name="Test" tests="3" failures="0" timestamp="2021-04-02T14:43:23 IST" time="24.006" errors="0">
  <testcase name="openbrowser" time="8.375" classname="Parallel_Testing.Parallel1"/>
  <testcase name="openbrowser" time="5.752" classname="Parallel_Testing.Parallel2"/>
  <testcase name="openbrowser" time="9.823" classname="Parallel_Testing.parallel3"/>
</testsuite> <!-- Test -->
