<?xml version="1.0" encoding="UTF-8"?>
<!-- Generated by org.testng.reporters.JUnitXMLReporter -->
<testsuite hostname="Nishant1996" ignored="2" name="Default test(failed)(failed)" tests="1" failures="0" timestamp="2021-03-31T10:41:14 IST" time="0.064" errors="0">
  <testcase name="TC3" time="0.0" classname="ReRunfailedTests.sample1"/>
  <testcase name="TC1" time="0.0" classname="ReRunfailedTests.sample1">
    <ignored/>
  </testcase> <!-- TC1 -->
  <testcase name="TC2" time="0.0" classname="ReRunfailedTests.sample1">
    <ignored/>
  </testcase> <!-- TC2 -->
</testsuite> <!-- Default test(failed)(failed) -->
